<?xml version="1.0" encoding="UTF-8"?>
<!-- Generated by org.testng.reporters.JUnitReportReporter -->
<testsuite name="com.ayantsoft.cucumberDemo.test.TestDemo" tests="1" time="0.013" ignored="2" failures="0" timestamp="20 Sep 2019 20:13:07 GMT" skipped="0" hostname="somnath-HP-EliteBook-8470p" errors="0">
  <testcase name="testCase3" time="0.013" classname="com.ayantsoft.cucumberDemo.test.TestDemo"/>
  <testcase name="testCase1" classname="com.ayantsoft.cucumberDemo.test.TestDemo">
    <skipped/>
  </testcase> <!-- testCase1 -->
  <testcase name="testCase2" classname="com.ayantsoft.cucumberDemo.test.TestDemo">
    <skipped/>
  </testcase> <!-- testCase2 -->
</testsuite> <!-- com.ayantsoft.cucumberDemo.test.TestDemo -->
